<?xml version="1.0" encoding="UTF-8" ?>
<testsuite failures="1" time="15.031" errors="0" skipped="0" tests="3" name="TestSuite">
  <properties>
[...]
</properties>
  <testcase time="0" classname="it.uniroma3.dia.giw.repositories.ElasticSearchInputOutputRepositoryIntegrationTestCase" name="shouldBeGreen"/>
  <testcase time="3.539" classname="it.uniroma3.dia.giw.repositories.performance.InMemoryInputOutputRepositoryPerformanceTest" name="assessPerformance"/>
  <testcase time="0.512" classname="it.uniroma3.dia.giw.repositories.performance.ElasticSearchStoreQueryRepositoryPerformanceTest" name="assessPerformance">
    <failure type="java.lang.NullPointerException">java.lang.NullPointerException
	at it.uniroma3.dia.giw.repositories.ElasticSearchOutputRepository.authorOccurrences(ElasticSearchOutputRepository.java:79)
	at it.uniroma3.dia.giw.repositories.performance.BaseStoreQueryRepositoryPerformanceTest.getScreenNameOccurrences(BaseStoreQueryRepositoryPerformanceTest.java:169)
	at it.uniroma3.dia.giw.repositories.performance.BaseStoreQueryRepositoryPerformanceTest.testPerformance(BaseStoreQueryRepositoryPerformanceTest.java:119)
	at it.uniroma3.dia.giw.repositories.performance.BaseStoreQueryRepositoryPerformanceTest.assessPerformance(BaseStoreQueryRepositoryPerformanceTest.java:97)
	at sun.reflect.NativeMethodAccessorImpl.invoke0(Native Method)
	at sun.reflect.NativeMethodAccessorImpl.invoke(NativeMethodAccessorImpl.java:57)
	at sun.reflect.DelegatingMethodAccessorImpl.invoke(DelegatingMethodAccessorImpl.java:43)
	at java.lang.reflect.Method.invoke(Method.java:601)
	at org.testng.internal.MethodInvocationHelper.invokeMethod(MethodInvocationHelper.java:74)
	at org.testng.internal.Invoker.invokeMethod(Invoker.java:673)
	at org.testng.internal.Invoker.invokeTestMethod(Invoker.java:846)
	at org.testng.internal.Invoker.invokeTestMethods(Invoker.java:1170)
	at org.testng.internal.TestMethodWorker.invokeTestMethods(TestMethodWorker.java:125)
	at org.testng.internal.TestMethodWorker.run(TestMethodWorker.java:109)
	at org.testng.TestRunner.runWorkers(TestRunner.java:1147)
	at org.testng.TestRunner.privateRun(TestRunner.java:749)
	at org.testng.TestRunner.run(TestRunner.java:600)
	at org.testng.SuiteRunner.runTest(SuiteRunner.java:317)
	at org.testng.SuiteRunner.runSequentially(SuiteRunner.java:312)
	at org.testng.SuiteRunner.privateRun(SuiteRunner.java:274)
	at org.testng.SuiteRunner.run(SuiteRunner.java:223)
	at org.testng.SuiteRunnerWorker.runSuite(SuiteRunnerWorker.java:52)
	at org.testng.SuiteRunnerWorker.run(SuiteRunnerWorker.java:86)
	at org.testng.TestNG.runSuitesSequentially(TestNG.java:1039)
	at org.testng.TestNG.runSuitesLocally(TestNG.java:964)
	at org.testng.TestNG.run(TestNG.java:900)
	at org.apache.maven.surefire.testng.TestNGExecutor.run(TestNGExecutor.java:70)
	at org.apache.maven.surefire.testng.TestNGDirectoryTestSuite.executeMulti(TestNGDirectoryTestSuite.java:158)
	at org.apache.maven.surefire.testng.TestNGDirectoryTestSuite.execute(TestNGDirectoryTestSuite.java:98)
	at org.apache.maven.surefire.testng.TestNGProvider.invoke(TestNGProvider.java:111)
	at sun.reflect.NativeMethodAccessorImpl.invoke0(Native Method)
	at sun.reflect.NativeMethodAccessorImpl.invoke(NativeMethodAccessorImpl.java:57)
	at sun.reflect.DelegatingMethodAccessorImpl.invoke(DelegatingMethodAccessorImpl.java:43)
	at java.lang.reflect.Method.invoke(Method.java:601)
	at org.apache.maven.surefire.util.ReflectionUtils.invokeMethodWithArray(ReflectionUtils.java:164)
	at org.apache.maven.surefire.booter.ProviderFactory$ProviderProxy.invoke(ProviderFactory.java:110)
	at org.apache.maven.surefire.booter.SurefireStarter.invokeProvider(SurefireStarter.java:175)
	at org.apache.maven.surefire.booter.SurefireStarter.runSuitesInProcessWhenForked(SurefireStarter.java:107)
	at org.apache.maven.surefire.booter.ForkedBooter.main(ForkedBooter.java:68)
</failure>
    <system-out>PROVA2
10445 [main] INFO  org.elasticsearch.plugins  - [Stacy X] loaded [], sites []
10671 [main] INFO  org.elasticsearch.transport  - [Stacy X] bound_address {local[3]}, publish_address {local[3]}
10673 [main] INFO  org.elasticsearch.discovery  - [Stacy X] es/3
10824 [elasticsearch[Stacy X][clusterService#updateTask][T#1]] INFO  org.elasticsearch.gateway  - [Stacy X] recovered [0] indices into cluster_state
11079 [main] INFO  org.elasticsearch.http  - [Stacy X] bound_address {inet[/0:0:0:0:0:0:0:0:9200]}, publish_address {inet[/192.168.2.6:9200]}
11085 [main] INFO  org.elasticsearch.plugins  - [Brian Falsworth] loaded [], sites []
11303 [main] INFO  org.elasticsearch.transport  - [Brian Falsworth] bound_address {local[4]}, publish_address {local[4]}
11306 [main] INFO  org.elasticsearch.discovery  - [Brian Falsworth] es/4
11657 [main] INFO  org.elasticsearch.http  - [Brian Falsworth] bound_address {inet[/0:0:0:0:0:0:0:0:9201]}, publish_address {inet[/192.168.2.6:9201]}
13102 [main] INFO  it.uniroma3.dia.giw.repositories.performance.ElasticSearchStoreQueryRepositoryPerformanceTest  - mapping: {&quot;context_tweet&quot;:{&quot;properties&quot;:{&quot;tweet&quot;:{&quot;properties&quot;:{&quot;user&quot;:{&quot;properties&quot;:{&quot;screenName&quot;:{&quot;type&quot;:&quot;string&quot;,&quot;index&quot;:&quot;not_analyzed&quot;}}}}},&quot;context_tweet_id&quot;:{&quot;properties&quot;:{&quot;id&quot;:{&quot;type&quot;:&quot;string&quot;}}},&quot;year&quot;:{&quot;type&quot;:&quot;integer&quot;},&quot;dayOfTheYear&quot;:{&quot;type&quot;:&quot;integer&quot;},&quot;monitoringActivityId&quot;:{&quot;type&quot;:&quot;string&quot;}}}}
Prova1


 andomInde7
13689 [main] INFO  it.uniroma3.dia.giw.repositories.performance.ElasticSearchStoreQueryRepositoryPerformanceTest  - Testing performances of a repository containing 10 tweets
QUESTO Ã¨ il monitorMonitoringActivityId{1}
QUESTO{
  &quot;took&quot; : 47,
  &quot;timed_out&quot; : false,
  &quot;_shards&quot; : {
    &quot;total&quot; : 5,
    &quot;successful&quot; : 5,
    &quot;failed&quot; : 0
  },
  &quot;hits&quot; : {
    &quot;total&quot; : 0,
    &quot;max_score&quot; : null,
    &quot;hits&quot; : [ ]
  }
}
</system-out>
  </testcase>
</testsuite>