<?xml version="1.0" encoding="UTF-8"?>
<testng-results>
  <reporter-output>
  </reporter-output>
  <suite name="Command line suite" duration-ms="14723" started-at="2013-09-03T10:28:33Z" finished-at="2013-09-03T10:28:48Z">
    <groups>
    </groups>
    <test name="Command line test" duration-ms="14723" started-at="2013-09-03T10:28:33Z" finished-at="2013-09-03T10:28:48Z">
      <class name="it.uniroma3.dia.giw.repositories.ElasticSearchInputOutputRepositoryIntegrationTestCase">
        <test-method status="PASS" signature="initRepositories()" name="initRepositories" is-config="true" duration-ms="3999" started-at="2013-09-03T10:28:33Z" finished-at="2013-09-03T10:28:37Z">
        </test-method>
        <test-method status="PASS" signature="cleanIndices()" name="cleanIndices" is-config="true" duration-ms="3477" started-at="2013-09-03T10:28:37Z" finished-at="2013-09-03T10:28:41Z">
        </test-method>
        <test-method status="PASS" signature="shouldBeGreen()" name="shouldBeGreen" duration-ms="4" started-at="2013-09-03T10:28:41Z" finished-at="2013-09-03T10:28:41Z">
        </test-method>
        <test-method status="PASS" signature="tearDownRepositories()" name="tearDownRepositories" is-config="true" duration-ms="102" started-at="2013-09-03T10:28:41Z" finished-at="2013-09-03T10:28:41Z">
        </test-method>
      </class>
      <class name="it.uniroma3.dia.giw.repositories.performance.InMemoryInputOutputRepositoryPerformanceTest">
        <test-method status="PASS" signature="initRepositories()" name="initRepositories" is-config="true" duration-ms="16" started-at="2013-09-03T10:28:41Z" finished-at="2013-09-03T10:28:41Z">
        </test-method>
        <test-method status="PASS" signature="assessPerformance()" name="assessPerformance" duration-ms="2516" started-at="2013-09-03T10:28:41Z" finished-at="2013-09-03T10:28:44Z">
        </test-method>
        <test-method status="PASS" signature="tearDownRepositories()" name="tearDownRepositories" is-config="true" duration-ms="0" started-at="2013-09-03T10:28:44Z" finished-at="2013-09-03T10:28:44Z">
        </test-method>
      </class>
      <class name="it.uniroma3.dia.giw.repositories.performance.ElasticSearchStoreQueryRepositoryPerformanceTest">
        <test-method status="PASS" signature="initRepositories()" name="initRepositories" is-config="true" duration-ms="2973" started-at="2013-09-03T10:28:44Z" finished-at="2013-09-03T10:28:47Z">
        </test-method>
        <test-method status="FAIL" signature="assessPerformance()" name="assessPerformance" duration-ms="1421" started-at="2013-09-03T10:28:47Z" finished-at="2013-09-03T10:28:48Z">
          <exception class="org.elasticsearch.ElasticSearchIllegalArgumentException">
            <message>
              <![CDATA[failed to execute script]]>
            </message>
            <full-stacktrace>
              <![CDATA[org.elasticsearch.ElasticSearchIllegalArgumentException: failed to execute script
	at org.elasticsearch.action.update.TransportUpdateAction.shardOperation(TransportUpdateAction.java:314)
	at org.elasticsearch.action.update.TransportUpdateAction.shardOperation(TransportUpdateAction.java:211)
	at org.elasticsearch.action.update.TransportUpdateAction.shardOperation(TransportUpdateAction.java:85)
	at org.elasticsearch.action.support.single.instance.TransportInstanceSingleOperationAction$AsyncSingleAction$1.run(TransportInstanceSingleOperationAction.java:191)
	at java.util.concurrent.ThreadPoolExecutor.runWorker(ThreadPoolExecutor.java:1145)
	at java.util.concurrent.ThreadPoolExecutor$Worker.run(ThreadPoolExecutor.java:615)
	at java.lang.Thread.run(Thread.java:722)
Caused by: [Error: could not access: id; in class: java.util.ArrayList]
[Near : {... if (ctx._source.author.id.contains ....}]
                 ^
[Line: 1, Column: 5]
	at org.elasticsearch.common.mvel2.optimizers.impl.refl.ReflectiveAccessorOptimizer.getBeanProperty(ReflectiveAccessorOptimizer.java:690)
	at org.elasticsearch.common.mvel2.optimizers.impl.refl.ReflectiveAccessorOptimizer.compileGetChain(ReflectiveAccessorOptimizer.java:341)
	at org.elasticsearch.common.mvel2.optimizers.impl.refl.ReflectiveAccessorOptimizer.optimizeAccessor(ReflectiveAccessorOptimizer.java:143)
	at org.elasticsearch.common.mvel2.optimizers.dynamic.DynamicOptimizer.optimizeAccessor(DynamicOptimizer.java:67)
	at org.elasticsearch.common.mvel2.ast.ASTNode.optimize(ASTNode.java:159)
	at org.elasticsearch.common.mvel2.ast.ASTNode.getReducedValueAccelerated(ASTNode.java:115)
	at org.elasticsearch.common.mvel2.compiler.ExecutableAccessor.getValue(ExecutableAccessor.java:38)
	at org.elasticsearch.common.mvel2.ast.IfNode.getReducedValueAccelerated(IfNode.java:73)
	at org.elasticsearch.common.mvel2.MVELRuntime.execute(MVELRuntime.java:85)
	at org.elasticsearch.common.mvel2.compiler.CompiledExpression.getDirectValue(CompiledExpression.java:123)
	at org.elasticsearch.common.mvel2.compiler.CompiledExpression.getValue(CompiledExpression.java:119)
	at org.elasticsearch.common.mvel2.compiler.CompiledExpression.getValue(CompiledExpression.java:113)
	at org.elasticsearch.script.mvel.MvelScriptEngineService$MvelExecutableScript.run(MvelScriptEngineService.java:130)
	at org.elasticsearch.action.update.TransportUpdateAction.shardOperation(TransportUpdateAction.java:310)
	... 6 more
]]>
            </full-stacktrace>
          </exception>
        </test-method>
        <test-method status="PASS" signature="tearDownRepositories()" name="tearDownRepositories" is-config="true" duration-ms="201" started-at="2013-09-03T10:28:48Z" finished-at="2013-09-03T10:28:48Z">
        </test-method>
      </class>
    </test>
  </suite>
</testng-results>
