-------------------------------------------------------------------------------
Test set: TestSuite
-------------------------------------------------------------------------------
Tests run: 3, Failures: 1, Errors: 0, Skipped: 0, Time elapsed: 15.494 sec <<< FAILURE!
assessPerformance(it.uniroma3.dia.giw.repositories.performance.ElasticSearchStoreQueryRepositoryPerformanceTest)  Time elapsed: 1.407 sec  <<< FAILURE!
org.elasticsearch.ElasticSearchIllegalArgumentException: failed to execute script
	at org.elasticsearch.action.update.TransportUpdateAction.shardOperation(TransportUpdateAction.java:314)
	at org.elasticsearch.action.update.TransportUpdateAction.shardOperation(TransportUpdateAction.java:211)
	at org.elasticsearch.action.update.TransportUpdateAction.shardOperation(TransportUpdateAction.java:85)
	at org.elasticsearch.action.support.single.instance.TransportInstanceSingleOperationAction$AsyncSingleAction$1.run(TransportInstanceSingleOperationAction.java:191)
	at java.util.concurrent.ThreadPoolExecutor.runWorker(ThreadPoolExecutor.java:1145)
	at java.util.concurrent.ThreadPoolExecutor$Worker.run(ThreadPoolExecutor.java:615)
	at java.lang.Thread.run(Thread.java:722)
Caused by: [Error: could not access: id; in class: java.util.ArrayList]
[Near : {... if (ctx._source.author.id.contains ....}]
                 ^
[Line: 1, Column: 5]
	at org.elasticsearch.common.mvel2.optimizers.impl.refl.ReflectiveAccessorOptimizer.getBeanProperty(ReflectiveAccessorOptimizer.java:690)
	at org.elasticsearch.common.mvel2.optimizers.impl.refl.ReflectiveAccessorOptimizer.compileGetChain(ReflectiveAccessorOptimizer.java:341)
	at org.elasticsearch.common.mvel2.optimizers.impl.refl.ReflectiveAccessorOptimizer.optimizeAccessor(ReflectiveAccessorOptimizer.java:143)
	at org.elasticsearch.common.mvel2.optimizers.dynamic.DynamicOptimizer.optimizeAccessor(DynamicOptimizer.java:67)
	at org.elasticsearch.common.mvel2.ast.ASTNode.optimize(ASTNode.java:159)
	at org.elasticsearch.common.mvel2.ast.ASTNode.getReducedValueAccelerated(ASTNode.java:115)
	at org.elasticsearch.common.mvel2.compiler.ExecutableAccessor.getValue(ExecutableAccessor.java:38)
	at org.elasticsearch.common.mvel2.ast.IfNode.getReducedValueAccelerated(IfNode.java:73)
	at org.elasticsearch.common.mvel2.MVELRuntime.execute(MVELRuntime.java:85)
	at org.elasticsearch.common.mvel2.compiler.CompiledExpression.getDirectValue(CompiledExpression.java:123)
	at org.elasticsearch.common.mvel2.compiler.CompiledExpression.getValue(CompiledExpression.java:119)
	at org.elasticsearch.common.mvel2.compiler.CompiledExpression.getValue(CompiledExpression.java:113)
	at org.elasticsearch.script.mvel.MvelScriptEngineService$MvelExecutableScript.run(MvelScriptEngineService.java:130)
	at org.elasticsearch.action.update.TransportUpdateAction.shardOperation(TransportUpdateAction.java:310)
	... 6 more
Caused by: [Error: could not access: id; in class: java.util.ArrayList]
[Near : {... if (ctx._source.author.id.contains ....}]
                 ^
[Line: 1, Column: 5]
	at org.elasticsearch.common.mvel2.optimizers.impl.refl.ReflectiveAccessorOptimizer.getBeanProperty(ReflectiveAccessorOptimizer.java:690)
	at org.elasticsearch.common.mvel2.optimizers.impl.refl.ReflectiveAccessorOptimizer.compileGetChain(ReflectiveAccessorOptimizer.java:341)
	at org.elasticsearch.common.mvel2.optimizers.impl.refl.ReflectiveAccessorOptimizer.optimizeAccessor(ReflectiveAccessorOptimizer.java:143)
	at org.elasticsearch.common.mvel2.optimizers.dynamic.DynamicOptimizer.optimizeAccessor(DynamicOptimizer.java:67)
	at org.elasticsearch.common.mvel2.ast.ASTNode.optimize(ASTNode.java:159)
	at org.elasticsearch.common.mvel2.ast.ASTNode.getReducedValueAccelerated(ASTNode.java:115)
	at org.elasticsearch.common.mvel2.compiler.ExecutableAccessor.getValue(ExecutableAccessor.java:38)
	at org.elasticsearch.common.mvel2.ast.IfNode.getReducedValueAccelerated(IfNode.java:73)
	at org.elasticsearch.common.mvel2.MVELRuntime.execute(MVELRuntime.java:85)
	at org.elasticsearch.common.mvel2.compiler.CompiledExpression.getDirectValue(CompiledExpression.java:123)
	at org.elasticsearch.common.mvel2.compiler.CompiledExpression.getValue(CompiledExpression.java:119)
	at org.elasticsearch.common.mvel2.compiler.CompiledExpression.getValue(CompiledExpression.java:113)
	at org.elasticsearch.script.mvel.MvelScriptEngineService$MvelExecutableScript.run(MvelScriptEngineService.java:130)
	at org.elasticsearch.action.update.TransportUpdateAction.shardOperation(TransportUpdateAction.java:310)
	... 6 more
