<?xml version="1.0" encoding="UTF-8"?>
<testsuite hostname="pierfrancescoPC" name="it.uniroma3.dia.giw.repositories.ElasticSearchInputOutputRepositoryIntegrationTestCase" tests="3" failures="2" timestamp="2 Sep 2013 15:25:29 GMT" time="13.486" errors="0">
  <testcase name="shouldBeGreen" time="0.009" classname="it.uniroma3.dia.giw.repositories.ElasticSearchInputOutputRepositoryIntegrationTestCase"/>
  <testcase name="assessPerformance" time="0.05" classname="it.uniroma3.dia.giw.repositories.performance.InMemoryInputOutputRepositoryPerformanceTest">
    <failure type="java.lang.NullPointerException">
      <![CDATA[java.lang.NullPointerException
	at it.uniroma3.dia.giw.repositories.performance.BaseStoreQueryRepositoryPerformanceTest.getPierfrancescoTweet(BaseStoreQueryRepositoryPerformanceTest.java:466)
	at it.uniroma3.dia.giw.repositories.performance.BaseStoreQueryRepositoryPerformanceTest.assessPerformance(BaseStoreQueryRepositoryPerformanceTest.java:89)
	at org.apache.maven.surefire.testng.TestNGExecutor.run(TestNGExecutor.java:70)
	at org.apache.maven.surefire.testng.TestNGDirectoryTestSuite.executeMulti(TestNGDirectoryTestSuite.java:158)
	at org.apache.maven.surefire.testng.TestNGDirectoryTestSuite.execute(TestNGDirectoryTestSuite.java:98)
	at org.apache.maven.surefire.testng.TestNGProvider.invoke(TestNGProvider.java:111)
	at org.apache.maven.surefire.util.ReflectionUtils.invokeMethodWithArray(ReflectionUtils.java:164)
	at org.apache.maven.surefire.booter.ProviderFactory$ProviderProxy.invoke(ProviderFactory.java:110)
	at org.apache.maven.surefire.booter.SurefireStarter.invokeProvider(SurefireStarter.java:175)
	at org.apache.maven.surefire.booter.SurefireStarter.runSuitesInProcessWhenForked(SurefireStarter.java:107)
	at org.apache.maven.surefire.booter.ForkedBooter.main(ForkedBooter.java:68)
... Removed 26 stack frames]]>
    </failure>
  </testcase>
  <testcase name="assessPerformance" time="0.027" classname="it.uniroma3.dia.giw.repositories.performance.ElasticSearchStoreQueryRepositoryPerformanceTest">
    <failure type="java.lang.NullPointerException">
      <![CDATA[java.lang.NullPointerException
	at it.uniroma3.dia.giw.repositories.performance.BaseStoreQueryRepositoryPerformanceTest.getPierfrancescoTweet(BaseStoreQueryRepositoryPerformanceTest.java:466)
	at it.uniroma3.dia.giw.repositories.performance.BaseStoreQueryRepositoryPerformanceTest.assessPerformance(BaseStoreQueryRepositoryPerformanceTest.java:89)
	at org.apache.maven.surefire.testng.TestNGExecutor.run(TestNGExecutor.java:70)
	at org.apache.maven.surefire.testng.TestNGDirectoryTestSuite.executeMulti(TestNGDirectoryTestSuite.java:158)
	at org.apache.maven.surefire.testng.TestNGDirectoryTestSuite.execute(TestNGDirectoryTestSuite.java:98)
	at org.apache.maven.surefire.testng.TestNGProvider.invoke(TestNGProvider.java:111)
	at org.apache.maven.surefire.util.ReflectionUtils.invokeMethodWithArray(ReflectionUtils.java:164)
	at org.apache.maven.surefire.booter.ProviderFactory$ProviderProxy.invoke(ProviderFactory.java:110)
	at org.apache.maven.surefire.booter.SurefireStarter.invokeProvider(SurefireStarter.java:175)
	at org.apache.maven.surefire.booter.SurefireStarter.runSuitesInProcessWhenForked(SurefireStarter.java:107)
	at org.apache.maven.surefire.booter.ForkedBooter.main(ForkedBooter.java:68)
... Removed 26 stack frames]]>
    </failure>
  </testcase>
</testsuite>
